* ******************************************************************************

* iCEcube Placer

* Version:            2020.12.27943

* Build Date:         Dec  9 2020 17:55:50

* File Generated:     Dec 22 2023 21:19:39

* Purpose:            

* Copyright (C) 2006-2010 by Lattice Semiconductor Corp. All rights reserved.

* ******************************************************************************

Executing : C:\lscc\iCEcube2.2020.12\sbt_backend\bin\win32\opt\sbtplacer.exe --des-lib C:/Users/RoYaa/Desktop/alu_8bit_project/alu_behavioral/fpgaout/behav/behav_Implmnt\sbt\netlist\oadb-alu_behavioral --outdir C:/Users/RoYaa/Desktop/alu_8bit_project/alu_behavioral/fpgaout/behav/behav_Implmnt\sbt\outputs\placer --device-file C:\lscc\iCEcube2.2020.12\sbt_backend\devices\ICE40P01.dev --package TQ144 --deviceMarketName iCE40HX1K --sdc-file C:/Users/RoYaa/Desktop/alu_8bit_project/alu_behavioral/fpgaout/behav/behav_Implmnt\sbt\Temp/sbt_temp.sdc --lib-file C:\lscc\iCEcube2.2020.12\sbt_backend\devices\ice40HX1K.lib --effort_level std --out-sdc-file C:/Users/RoYaa/Desktop/alu_8bit_project/alu_behavioral/fpgaout/behav/behav_Implmnt\sbt\outputs\placer\alu_behavioral_pl.sdc
I2004: Option and Settings Summary
=============================================================
Device file          - C:\lscc\iCEcube2.2020.12\sbt_backend\devices\ICE40P01.dev
Package              - TQ144
Design database      - C:/Users/RoYaa/Desktop/alu_8bit_project/alu_behavioral/fpgaout/behav/behav_Implmnt\sbt\netlist\oadb-alu_behavioral
SDC file             - C:/Users/RoYaa/Desktop/alu_8bit_project/alu_behavioral/fpgaout/behav/behav_Implmnt\sbt\Temp/sbt_temp.sdc
Output directory     - C:/Users/RoYaa/Desktop/alu_8bit_project/alu_behavioral/fpgaout/behav/behav_Implmnt\sbt\outputs\placer
Timing library       - C:\lscc\iCEcube2.2020.12\sbt_backend\devices\ice40HX1K.lib
Effort level         - std

I2050: Starting reading inputs for placer
=============================================================
I2100: Reading design library: C:/Users/RoYaa/Desktop/alu_8bit_project/alu_behavioral/fpgaout/behav/behav_Implmnt\sbt\netlist\oadb-alu_behavioral/BFPGA_DESIGN_ep
I2065: Reading device file : C:\lscc\iCEcube2.2020.12\sbt_backend\devices\ICE40P01.dev
I2051: Reading of inputs for placer completed successfully

I2053: Starting placement of the design
=============================================================

Input Design Statistics
    Number of LUTs      	:	69
    Number of DFFs      	:	8
    Number of DFFs packed to IO	:	0
    Number of Carrys    	:	7
    Number of RAMs      	:	0
    Number of ROMs      	:	0
    Number of IOs       	:	28
    Number of GBIOs     	:	1
    Number of GBs       	:	0
    Number of WarmBoot  	:	0
    Number of PLLs      	:	0


Phase 1
I2077: Start design legalization
W2731: The terminal alu_out_obuf_7:OUTPUTENABLE is not connected
W2729: set_io_ff -oe constraint specified on 'alu_out[7]' pin is infeasible. Ignoring the constraint
W2731: The terminal alu_out_obuf_5:OUTPUTENABLE is not connected
W2729: set_io_ff -oe constraint specified on 'alu_out[5]' pin is infeasible. Ignoring the constraint
W2731: The terminal alu_out_obuf_3:OUTPUTENABLE is not connected
W2729: set_io_ff -oe constraint specified on 'alu_out[3]' pin is infeasible. Ignoring the constraint
W2731: The terminal alu_out_obuf_2:OUTPUTENABLE is not connected
W2729: set_io_ff -oe constraint specified on 'alu_out[2]' pin is infeasible. Ignoring the constraint
W2731: The terminal alu_out_obuf_1:OUTPUTENABLE is not connected
W2729: set_io_ff -oe constraint specified on 'alu_out[1]' pin is infeasible. Ignoring the constraint
W2731: The terminal alu_out_obuf_0:OUTPUTENABLE is not connected
W2729: set_io_ff -oe constraint specified on 'alu_out[0]' pin is infeasible. Ignoring the constraint
W2731: The terminal alu_out_obuf_6:OUTPUTENABLE is not connected
W2729: set_io_ff -oe constraint specified on 'alu_out[6]' pin is infeasible. Ignoring the constraint
W2731: The terminal alu_out_obuf_4:OUTPUTENABLE is not connected
W2729: set_io_ff -oe constraint specified on 'alu_out[4]' pin is infeasible. Ignoring the constraint

Design Legalization Statistics
    Number of feedthru LUTs inserted to legalize input of DFFs     	:	0
    Number of feedthru LUTs inserted for LUTs driving multiple DFFs	:	0
    Number of LUTs replicated for LUTs driving multiple DFFs       	:	0
    Number of feedthru LUTs inserted to legalize output of CARRYs  	:	0
    Number of feedthru LUTs inserted to legalize global signals    	:	0
    Number of feedthru CARRYs inserted to legalize input of CARRYs 	:	1
    Number of inserted LUTs to Legalize IOs with PIN_TYPE= 01xxxx  	:	0
    Number of inserted LUTs to Legalize IOs with PIN_TYPE= 10xxxx  	:	0
    Number of inserted LUTs to Legalize IOs with PIN_TYPE= 11xxxx  	:	0
    Total LUTs inserted                                            	:	0
    Total CARRYs inserted                                          	:	1


I2078: Design legalization is completed successfully
I2088: Phase 1, elapsed time : 0.0 (sec)


Phase 2
I2088: Phase 2, elapsed time : 0.1 (sec)

Phase 3
W2659: No Constrained paths were found. The placer will run in non-timing driven mode.

Design Statistics after Packing
    Number of LUTs      	:	69
    Number of DFFs      	:	0
    Number of DFFs packed to IO	:	8
    Number of Carrys    	:	8

Device Utilization Summary after Packing
    Sequential LogicCells
        LUT and DFF      	:	0
        LUT, DFF and CARRY	:	0
    Combinational LogicCells
        Only LUT         	:	62
        CARRY Only       	:	1
        LUT with CARRY   	:	7
    LogicCells                  :	70/1280
    PLBs                        :	9/160
    BRAMs                       :	0/16
    IOs and GBIOs               :	29/96
    PLLs                        :	0/1


I2088: Phase 3, elapsed time : 0.6 (sec)

Phase 4
I2088: Phase 4, elapsed time : 0.2 (sec)

Phase 5
I2088: Phase 5, elapsed time : 0.0 (sec)

Phase 6
I2088: Phase 6, elapsed time : 6.4 (sec)

Final Design Statistics
    Number of LUTs      	:	69
    Number of DFFs      	:	0
    Number of DFFs packed to IO	:	8
    Number of Carrys    	:	8
    Number of RAMs      	:	0
    Number of ROMs      	:	0
    Number of IOs       	:	28
    Number of GBIOs     	:	1
    Number of GBs       	:	0
    Number of WarmBoot  	:	0
    Number of PLLs      	:	0

Device Utilization Summary
    LogicCells                  :	70/1280
    PLBs                        :	9/160
    BRAMs                       :	0/16
    IOs and GBIOs               :	29/96
    PLLs                        :	0/1


I2054: Placement of design completed successfully

I2076: Placer run-time: 8.1 sec.

