Running in Lattice mode


Starting:    C:\lscc\iCEcube2.2020.12\synpbase\bin64\mbin\synbatch.exe
Install:     C:\lscc\iCEcube2.2020.12\synpbase
Hostname:    ATTAR
Date:        Fri Dec 22 21:19:19 2023
Version:     L-2016.09L+ice40

Arguments:   -product synplify_pro -batch behav_syn.prj
ProductType: synplify_pro





log file: "C:\Users\RoYaa\Desktop\alu_8bit_project\alu_behavioral\fpgaout\behav\behav_Implmnt\behav.srr"
Running: behav_Implmnt in foreground

Running behav_syn|behav_Implmnt

Running: compile (Compile) on behav_syn|behav_Implmnt
# Fri Dec 22 21:19:19 2023

Running: compile_flow (Compile Process) on behav_syn|behav_Implmnt
# Fri Dec 22 21:19:19 2023

Running: compiler (Compile Input) on behav_syn|behav_Implmnt
# Fri Dec 22 21:19:19 2023
Copied C:\Users\RoYaa\Desktop\alu_8bit_project\alu_behavioral\fpgaout\behav\behav_Implmnt\synwork\behav_comp.srs to C:\Users\RoYaa\Desktop\alu_8bit_project\alu_behavioral\fpgaout\behav\behav_Implmnt\behav.srs

compiler completed
# Fri Dec 22 21:19:22 2023

Return Code: 0
Run Time:00h:00m:03s

Running: multi_srs_gen (Multi-srs Generator) on behav_syn|behav_Implmnt
# Fri Dec 22 21:19:22 2023

multi_srs_gen completed
# Fri Dec 22 21:19:22 2023

Return Code: 0
Run Time:00h:00m:00s
Copied C:\Users\RoYaa\Desktop\alu_8bit_project\alu_behavioral\fpgaout\behav\behav_Implmnt\synwork\behav_mult.srs to C:\Users\RoYaa\Desktop\alu_8bit_project\alu_behavioral\fpgaout\behav\behav_Implmnt\behav.srs
Complete: Compile Process on behav_syn|behav_Implmnt

Running: premap (Pre-mapping) on behav_syn|behav_Implmnt
# Fri Dec 22 21:19:22 2023

premap completed with warnings
# Fri Dec 22 21:19:23 2023

Return Code: 1
Run Time:00h:00m:01s
Complete: Compile on behav_syn|behav_Implmnt

Running: map (Map) on behav_syn|behav_Implmnt
# Fri Dec 22 21:19:23 2023
License granted for 4 parallel jobs

Running: fpga_mapper (Map & Optimize) on behav_syn|behav_Implmnt
# Fri Dec 22 21:19:23 2023
Copied C:\Users\RoYaa\Desktop\alu_8bit_project\alu_behavioral\fpgaout\behav\behav_Implmnt\synwork\behav_m.srm to C:\Users\RoYaa\Desktop\alu_8bit_project\alu_behavioral\fpgaout\behav\behav_Implmnt\behav.srm

fpga_mapper completed with warnings
# Fri Dec 22 21:19:26 2023

Return Code: 1
Run Time:00h:00m:03s
Complete: Map on behav_syn|behav_Implmnt
Complete: Logic Synthesis on behav_syn|behav_Implmnt

exit status=0

exit status=0

