OUTPUT flag_zero 	 location (0, 3, 1) 	 31 	 
OUTPUT F[2] 	 location (0, 5, 0) 	 26 	 
INPUT  A[0] 	 location (3, 17, 0) 	 139 	 
OUTPUT F[3] 	 location (0, 5, 1) 	 25 	 
INPUT  B[7] 	 location (1, 17, 0) 	 144 	 
OUTPUT A_equal_B 	 location (0, 4, 0) 	 29 	 
INPUT  A[7] 	 location (0, 14, 1) 	 1 	 
OUTPUT F[4] 	 location (0, 6, 0) 	 24 	 
OUTPUT B_bigger 	 location (5, 17, 1) 	 134 	 
INPUT  B[0] 	 location (0, 11, 0) 	 10 	 
INPUT  A[6] 	 location (0, 14, 0) 	 2 	 
INPUT  s2 	 location (0, 2, 1) 	 33 	 
OUTPUT over_flow 	 location (6, 17, 1) 	 129 	 
OUTPUT carry_out 	 location (0, 3, 0) 	 32 	 
OUTPUT F[5] 	 location (0, 9, 1) 	 19 	 
INPUT  B[1] 	 location (0, 11, 1) 	 9 	 
INPUT  A[5] 	 location (4, 17, 1) 	 136 	 
INPUT  S2_S3[0] 	 location (0, 8, 0) 	 22 	 
INPUT  S1 	 location (0, 2, 0) 	 34 	 
OUTPUT F[6] 	 location (0, 10, 0) 	 12 	 
INPUT  B[2] 	 location (1, 17, 1) 	 143 	 
OUTPUT A_bigger 	 location (5, 17, 0) 	 135 	 
INPUT  A[4] 	 location (0, 13, 1) 	 3 	 
INPUT  S2_S3[1] 	 location (0, 8, 1) 	 21 	 
OUTPUT F[7] 	 location (0, 10, 1) 	 11 	 
INPUT  B[3] 	 location (2, 17, 0) 	 142 	 
INPUT  A[3] 	 location (4, 17, 0) 	 137 	 
OUTPUT F[0] 	 location (0, 6, 1) 	 23 	 
INPUT  B[4] 	 location (0, 12, 0) 	 8 	 
INPUT  A[2] 	 location (2, 17, 1) 	 141 	 
OUTPUT F[1] 	 location (0, 4, 1) 	 28 	 
INPUT  CLK 	 location (0, 9, 0) 	 20 	 
INPUT  B[5] 	 location (0, 12, 1) 	 7 	 
INPUT  A[1] 	 location (3, 17, 1) 	 138 	 
INPUT  B[6] 	 location (0, 13, 0) 	 4 	 
