OUTPUT alu_out[6] 	 location (0, 5, 1) 	 25 	 
INPUT  B[7] 	 location (2, 17, 1) 	 141 	 
INPUT  A[7] 	 location (1, 17, 1) 	 143 	 
INPUT  s[1] 	 location (0, 9, 1) 	 19 	 
OUTPUT alu_out[5] 	 location (0, 8, 0) 	 22 	 
INPUT  B[0] 	 location (1, 17, 0) 	 144 	 
INPUT  A[6] 	 location (0, 12, 1) 	 7 	 
INPUT  s[0] 	 location (0, 10, 1) 	 11 	 
OUTPUT alu_out[4] 	 location (0, 5, 0) 	 26 	 
INPUT  B[1] 	 location (0, 2, 0) 	 34 	 
INPUT  A[5] 	 location (0, 13, 0) 	 4 	 
INPUT  s[3] 	 location (0, 10, 0) 	 12 	 
INPUT  clk 	 location (0, 9, 0) 	 20 	 
OUTPUT alu_out[3] 	 location (0, 6, 1) 	 23 	 
INPUT  B[2] 	 location (3, 17, 0) 	 139 	 
INPUT  A[4] 	 location (0, 14, 0) 	 2 	 
INPUT  s[2] 	 location (0, 8, 1) 	 21 	 
OUTPUT alu_out[2] 	 location (0, 4, 1) 	 28 	 
INPUT  B[3] 	 location (2, 17, 0) 	 142 	 
INPUT  A[3] 	 location (0, 14, 1) 	 1 	 
OUTPUT alu_out[1] 	 location (0, 3, 1) 	 31 	 
INPUT  B[4] 	 location (0, 13, 1) 	 3 	 
INPUT  A[2] 	 location (0, 2, 1) 	 33 	 
OUTPUT alu_out[0] 	 location (0, 4, 0) 	 29 	 
INPUT  B[5] 	 location (0, 12, 0) 	 8 	 
INPUT  A[1] 	 location (0, 3, 0) 	 32 	 
OUTPUT alu_out[7] 	 location (0, 6, 0) 	 24 	 
INPUT  B[6] 	 location (0, 11, 1) 	 9 	 
INPUT  A[0] 	 location (0, 11, 0) 	 10 	 
