Running in Lattice mode


Starting:    C:\lscc\iCEcube2.2020.12\synpbase\bin64\mbin\synbatch.exe
Install:     C:\lscc\iCEcube2.2020.12\synpbase
Hostname:    ATTAR
Date:        Wed Dec 20 04:44:39 2023
Version:     L-2016.09L+ice40

Arguments:   -product synplify_pro -batch alustr_syn.prj
ProductType: synplify_pro





log file: "C:\Users\RoYaa\Desktop\ALU_STURCTURE\fpga_outtt\alustr\alustr_Implmnt\alustr.srr"
Running: alustr_Implmnt in foreground

Running alustr_syn|alustr_Implmnt

Running: compile (Compile) on alustr_syn|alustr_Implmnt
# Wed Dec 20 04:44:39 2023

Running: compile_flow (Compile Process) on alustr_syn|alustr_Implmnt
# Wed Dec 20 04:44:39 2023

Running: compiler (Compile Input) on alustr_syn|alustr_Implmnt
# Wed Dec 20 04:44:39 2023
Copied C:\Users\RoYaa\Desktop\ALU_STURCTURE\fpga_outtt\alustr\alustr_Implmnt\synwork\alustr_comp.srs to C:\Users\RoYaa\Desktop\ALU_STURCTURE\fpga_outtt\alustr\alustr_Implmnt\alustr.srs

compiler completed
# Wed Dec 20 04:44:41 2023

Return Code: 0
Run Time:00h:00m:02s

Running: multi_srs_gen (Multi-srs Generator) on alustr_syn|alustr_Implmnt
# Wed Dec 20 04:44:41 2023

multi_srs_gen completed
# Wed Dec 20 04:44:41 2023

Return Code: 0
Run Time:00h:00m:00s
Copied C:\Users\RoYaa\Desktop\ALU_STURCTURE\fpga_outtt\alustr\alustr_Implmnt\synwork\alustr_mult.srs to C:\Users\RoYaa\Desktop\ALU_STURCTURE\fpga_outtt\alustr\alustr_Implmnt\alustr.srs
Complete: Compile Process on alustr_syn|alustr_Implmnt

Running: premap (Pre-mapping) on alustr_syn|alustr_Implmnt
# Wed Dec 20 04:44:41 2023

premap completed with warnings
# Wed Dec 20 04:44:42 2023

Return Code: 1
Run Time:00h:00m:01s
Complete: Compile on alustr_syn|alustr_Implmnt

Running: map (Map) on alustr_syn|alustr_Implmnt
# Wed Dec 20 04:44:42 2023
License granted for 4 parallel jobs

Running: fpga_mapper (Map & Optimize) on alustr_syn|alustr_Implmnt
# Wed Dec 20 04:44:42 2023
Copied C:\Users\RoYaa\Desktop\ALU_STURCTURE\fpga_outtt\alustr\alustr_Implmnt\synwork\alustr_m.srm to C:\Users\RoYaa\Desktop\ALU_STURCTURE\fpga_outtt\alustr\alustr_Implmnt\alustr.srm

fpga_mapper completed with warnings
# Wed Dec 20 04:44:44 2023

Return Code: 1
Run Time:00h:00m:02s
Complete: Map on alustr_syn|alustr_Implmnt
Complete: Logic Synthesis on alustr_syn|alustr_Implmnt

exit status=0

exit status=0

